生成启动时间为 2014-11-10 11:50:23。
     1>项目“E:\workspace\HXH\svn\server\trunk\HHCARobot\HHCARobot\HHCARobot.vcxproj”在节点 2 上(build 个目标)。
     1>InitializeBuildStatus:
         正在创建“x64\Debug\HHCARobot.unsuccessfulbuild”，因为已指定“AlwaysCreate”。
       ClCompile:
         所有输出均为最新。
         D:\Program Files\Microsoft Visual Studio 10.0\VC\bin\x86_amd64\CL.exe /c /I..\tinyxml /Zi /nologo /W4 /WX- /Od /D _WIN64 /D _DEBUG /D _WINDOWS /Gm /EHsc /RTC1 /MDd /GS /fp:precise /Zc:wchar_t /Zc:forScope /Yu"StdAfx.h" /Fp"x64\Debug\HHCARobot.pch" /Fo"x64\Debug\\" /Fd"x64\Debug\vc100.pdb" /Gd /TP /errorReport:prompt HHCARobot.cpp test.cpp
         test.cpp
         HHCARobot.cpp
         Generating Code...
       ResourceCompile:
         所有输出均为最新。
       Link:
         D:\Program Files\Microsoft Visual Studio 10.0\VC\bin\x86_amd64\link.exe /ERRORREPORT:PROMPT /OUT:"E:\workspace\HXH\svn\server\trunk\HHCARobot\x64\Debug\HHCARobot.exe" /INCREMENTAL /NOLOGO kernel32.lib user32.lib gdi32.lib winspool.lib comdlg32.lib advapi32.lib shell32.lib ole32.lib oleaut32.lib uuid.lib odbc32.lib odbccp32.lib /MANIFEST /ManifestFile:"x64\Debug\HHCARobot.exe.intermediate.manifest" /MANIFESTUAC:"level='asInvoker' uiAccess='false'" /DEBUG /PDB:"E:\workspace\HXH\svn\server\trunk\HHCARobot\x64\Debug\HHCARobot.pdb" /SUBSYSTEM:WINDOWS /TLBID:1 /DYNAMICBASE /NXCOMPAT /IMPLIB:"E:\workspace\HXH\svn\server\trunk\HHCARobot\x64\Debug\HHCARobot.lib" /MACHINE:X64 x64\Debug\HHCARobot.res
         x64\Debug\const.obj
         x64\Debug\history.obj
         x64\Debug\test.obj
         x64\Debug\view.obj
         x64\Debug\draw.obj
         x64\Debug\file.obj
         x64\Debug\HHCARobot.obj
         x64\Debug\lab.obj
         x64\Debug\map.obj
         x64\Debug\robot.obj
         x64\Debug\stdafx.obj
         E:\workspace\HXH\svn\server\trunk\HHCARobot\x64\Debug\tinyxml.lib
         HHCARobot.vcxproj -> E:\workspace\HXH\svn\server\trunk\HHCARobot\x64\Debug\HHCARobot.exe
       Manifest:
         C:\Program Files\Microsoft SDKs\Windows\v7.0A\bin\mt.exe /nologo /verbose /out:"E:\workspace\HXH\svn\server\trunk\HHCARobot\x64\Debug\HHCARobot.exe.manifest" /manifest x64\Debug\HHCARobot.exe.intermediate.manifest
       FinalizeBuildStatus:
         正在删除文件“x64\Debug\HHCARobot.unsuccessfulbuild”。
         正在对“x64\Debug\HHCARobot.lastbuildstate”执行 Touch 任务。
     1>已完成生成项目“E:\workspace\HXH\svn\server\trunk\HHCARobot\HHCARobot\HHCARobot.vcxproj”(build 个目标)的操作。

生成成功。

已用时间 00:00:05.64
