E:\workspace\HXH\svn\server\trunk\HHCARobot\HHCARobot\x64\Debug\cl.command.1.tlog
E:\workspace\HXH\svn\server\trunk\HHCARobot\HHCARobot\x64\Debug\CL.read.1.tlog
E:\workspace\HXH\svn\server\trunk\HHCARobot\HHCARobot\x64\Debug\CL.write.1.tlog
E:\WORKSPACE\HXH\SVN\SERVER\TRUNK\HHCAROBOT\HHCAROBOT\X64\DEBUG\CONST.OBJ
E:\WORKSPACE\HXH\SVN\SERVER\TRUNK\HHCAROBOT\HHCAROBOT\X64\DEBUG\DRAW.OBJ
E:\WORKSPACE\HXH\SVN\SERVER\TRUNK\HHCAROBOT\HHCAROBOT\X64\DEBUG\FILE.OBJ
E:\WORKSPACE\HXH\SVN\SERVER\TRUNK\HHCAROBOT\HHCAROBOT\X64\DEBUG\HHCAROBOT.EXE.INTERMEDIATE.MANIFEST
E:\WORKSPACE\HXH\SVN\SERVER\TRUNK\HHCAROBOT\HHCAROBOT\X64\DEBUG\HHCAROBOT.OBJ
E:\WORKSPACE\HXH\SVN\SERVER\TRUNK\HHCAROBOT\HHCAROBOT\X64\DEBUG\HHCAROBOT.PCH
E:\WORKSPACE\HXH\SVN\SERVER\TRUNK\HHCAROBOT\HHCAROBOT\X64\DEBUG\HHCAROBOT.RES
E:\workspace\HXH\svn\server\trunk\HHCARobot\HHCARobot\x64\Debug\HHCARobot.write.1.tlog
E:\WORKSPACE\HXH\SVN\SERVER\TRUNK\HHCAROBOT\HHCAROBOT\X64\DEBUG\HISTORY.OBJ
E:\WORKSPACE\HXH\SVN\SERVER\TRUNK\HHCAROBOT\HHCAROBOT\X64\DEBUG\LAB.OBJ
E:\workspace\HXH\svn\server\trunk\HHCARobot\HHCARobot\x64\Debug\link.command.1.tlog
E:\workspace\HXH\svn\server\trunk\HHCARobot\HHCARobot\x64\Debug\link.read.1.tlog
E:\workspace\HXH\svn\server\trunk\HHCARobot\HHCARobot\x64\Debug\link.write.1.tlog
E:\workspace\HXH\svn\server\trunk\HHCARobot\HHCARobot\x64\Debug\link-cvtres.read.1.tlog
E:\workspace\HXH\svn\server\trunk\HHCARobot\HHCARobot\x64\Debug\link-cvtres.write.1.tlog
E:\WORKSPACE\HXH\SVN\SERVER\TRUNK\HHCAROBOT\HHCAROBOT\X64\DEBUG\MAP.OBJ
E:\workspace\HXH\svn\server\trunk\HHCARobot\HHCARobot\x64\Debug\mt.command.1.tlog
E:\workspace\HXH\svn\server\trunk\HHCARobot\HHCARobot\x64\Debug\mt.read.1.tlog
E:\workspace\HXH\svn\server\trunk\HHCARobot\HHCARobot\x64\Debug\mt.write.1.tlog
E:\workspace\HXH\svn\server\trunk\HHCARobot\HHCARobot\x64\Debug\rc.command.1.tlog
E:\workspace\HXH\svn\server\trunk\HHCARobot\HHCARobot\x64\Debug\rc.read.1.tlog
E:\workspace\HXH\svn\server\trunk\HHCARobot\HHCARobot\x64\Debug\rc.write.1.tlog
E:\WORKSPACE\HXH\SVN\SERVER\TRUNK\HHCAROBOT\HHCAROBOT\X64\DEBUG\ROBOT.OBJ
E:\WORKSPACE\HXH\SVN\SERVER\TRUNK\HHCAROBOT\HHCAROBOT\X64\DEBUG\STDAFX.OBJ
E:\WORKSPACE\HXH\SVN\SERVER\TRUNK\HHCAROBOT\HHCAROBOT\X64\DEBUG\TEST.OBJ
E:\workspace\HXH\svn\server\trunk\HHCARobot\HHCARobot\x64\Debug\vc100.idb
E:\WORKSPACE\HXH\SVN\SERVER\TRUNK\HHCAROBOT\HHCAROBOT\X64\DEBUG\VC100.PDB
E:\WORKSPACE\HXH\SVN\SERVER\TRUNK\HHCAROBOT\HHCAROBOT\X64\DEBUG\VIEW.OBJ
E:\WORKSPACE\HXH\SVN\SERVER\TRUNK\HHCAROBOT\X64\DEBUG\HHCAROBOT.EXE
E:\WORKSPACE\HXH\SVN\SERVER\TRUNK\HHCAROBOT\X64\DEBUG\HHCAROBOT.EXE.MANIFEST
E:\WORKSPACE\HXH\SVN\SERVER\TRUNK\HHCAROBOT\X64\DEBUG\HHCAROBOT.ILK
E:\WORKSPACE\HXH\SVN\SERVER\TRUNK\HHCAROBOT\X64\DEBUG\HHCAROBOT.PDB
