E:\WORKSPACE\HXH\SVN\SERVER\TRUNK\HHCAROBOT\DEBUG\HHCAROBOT.EXE
E:\WORKSPACE\HXH\SVN\SERVER\TRUNK\HHCAROBOT\DEBUG\HHCAROBOT.ILK
E:\WORKSPACE\HXH\SVN\SERVER\TRUNK\HHCAROBOT\DEBUG\HHCAROBOT.PDB
E:\workspace\HXH\svn\server\trunk\HHCARobot\HHCARobot\Debug\cl.command.1.tlog
E:\workspace\HXH\svn\server\trunk\HHCARobot\HHCARobot\Debug\CL.read.1.tlog
E:\workspace\HXH\svn\server\trunk\HHCARobot\HHCARobot\Debug\CL.write.1.tlog
E:\WORKSPACE\HXH\SVN\SERVER\TRUNK\HHCAROBOT\HHCAROBOT\DEBUG\CONST.OBJ
E:\WORKSPACE\HXH\SVN\SERVER\TRUNK\HHCAROBOT\HHCAROBOT\DEBUG\DRAW.OBJ
E:\WORKSPACE\HXH\SVN\SERVER\TRUNK\HHCAROBOT\HHCAROBOT\DEBUG\FILE.OBJ
E:\WORKSPACE\HXH\SVN\SERVER\TRUNK\HHCAROBOT\HHCAROBOT\DEBUG\HHCAROBOT.EXE.EMBED.MANIFEST
E:\WORKSPACE\HXH\SVN\SERVER\TRUNK\HHCAROBOT\HHCAROBOT\DEBUG\HHCAROBOT.EXE.EMBED.MANIFEST.RES
E:\WORKSPACE\HXH\SVN\SERVER\TRUNK\HHCAROBOT\HHCAROBOT\DEBUG\HHCAROBOT.EXE.INTERMEDIATE.MANIFEST
E:\WORKSPACE\HXH\SVN\SERVER\TRUNK\HHCAROBOT\HHCAROBOT\DEBUG\HHCAROBOT.OBJ
E:\WORKSPACE\HXH\SVN\SERVER\TRUNK\HHCAROBOT\HHCAROBOT\DEBUG\HHCAROBOT.PCH
E:\WORKSPACE\HXH\SVN\SERVER\TRUNK\HHCAROBOT\HHCAROBOT\DEBUG\HHCAROBOT.RES
E:\workspace\HXH\svn\server\trunk\HHCARobot\HHCARobot\Debug\HHCARobot.write.1.tlog
E:\workspace\HXH\svn\server\trunk\HHCARobot\HHCARobot\Debug\HHCARobot_manifest.rc
E:\WORKSPACE\HXH\SVN\SERVER\TRUNK\HHCAROBOT\HHCAROBOT\DEBUG\HISTORY.OBJ
E:\WORKSPACE\HXH\SVN\SERVER\TRUNK\HHCAROBOT\HHCAROBOT\DEBUG\LAB.OBJ
E:\workspace\HXH\svn\server\trunk\HHCARobot\HHCARobot\Debug\link.command.1.tlog
E:\workspace\HXH\svn\server\trunk\HHCARobot\HHCARobot\Debug\link.read.1.tlog
E:\workspace\HXH\svn\server\trunk\HHCARobot\HHCARobot\Debug\link.write.1.tlog
E:\workspace\HXH\svn\server\trunk\HHCARobot\HHCARobot\Debug\link-cvtres.read.1.tlog
E:\workspace\HXH\svn\server\trunk\HHCARobot\HHCARobot\Debug\link-cvtres.write.1.tlog
E:\WORKSPACE\HXH\SVN\SERVER\TRUNK\HHCAROBOT\HHCAROBOT\DEBUG\MAP.OBJ
E:\workspace\HXH\svn\server\trunk\HHCARobot\HHCARobot\Debug\mt.command.1.tlog
E:\workspace\HXH\svn\server\trunk\HHCARobot\HHCARobot\Debug\mt.read.1.tlog
E:\workspace\HXH\svn\server\trunk\HHCARobot\HHCARobot\Debug\mt.write.1.tlog
E:\workspace\HXH\svn\server\trunk\HHCARobot\HHCARobot\Debug\rc.command.1.tlog
E:\workspace\HXH\svn\server\trunk\HHCARobot\HHCARobot\Debug\rc.read.1.tlog
E:\workspace\HXH\svn\server\trunk\HHCARobot\HHCARobot\Debug\rc.write.1.tlog
E:\WORKSPACE\HXH\SVN\SERVER\TRUNK\HHCAROBOT\HHCAROBOT\DEBUG\ROBOT.OBJ
E:\WORKSPACE\HXH\SVN\SERVER\TRUNK\HHCAROBOT\HHCAROBOT\DEBUG\STDAFX.OBJ
E:\WORKSPACE\HXH\SVN\SERVER\TRUNK\HHCAROBOT\HHCAROBOT\DEBUG\TEST.OBJ
E:\workspace\HXH\svn\server\trunk\HHCARobot\HHCARobot\Debug\vc100.idb
E:\WORKSPACE\HXH\SVN\SERVER\TRUNK\HHCAROBOT\HHCAROBOT\DEBUG\VC100.PDB
E:\WORKSPACE\HXH\SVN\SERVER\TRUNK\HHCAROBOT\HHCAROBOT\DEBUG\VIEW.OBJ
