E:\workspace\HXH\svn\server\trunk\HHCARobot\HHCARobot\Release\CL.1684.read.1.tlog
E:\workspace\HXH\svn\server\trunk\HHCARobot\HHCARobot\Release\CL.1684.write.1.tlog
E:\workspace\HXH\svn\server\trunk\HHCARobot\HHCARobot\Release\CL.1784.read.1.tlog
E:\workspace\HXH\svn\server\trunk\HHCARobot\HHCARobot\Release\CL.1784.write.1.tlog
E:\workspace\HXH\svn\server\trunk\HHCARobot\HHCARobot\Release\CL.2176.read.1.tlog
E:\workspace\HXH\svn\server\trunk\HHCARobot\HHCARobot\Release\CL.2176.write.1.tlog
E:\workspace\HXH\svn\server\trunk\HHCARobot\HHCARobot\Release\CL.2336.read.1.tlog
E:\workspace\HXH\svn\server\trunk\HHCARobot\HHCARobot\Release\CL.2336.write.1.tlog
E:\workspace\HXH\svn\server\trunk\HHCARobot\HHCARobot\Release\CL.3724.read.1.tlog
E:\workspace\HXH\svn\server\trunk\HHCARobot\HHCARobot\Release\CL.3724.write.1.tlog
E:\workspace\HXH\svn\server\trunk\HHCARobot\HHCARobot\Release\CL.3740.read.1.tlog
E:\workspace\HXH\svn\server\trunk\HHCARobot\HHCARobot\Release\CL.3740.write.1.tlog
E:\workspace\HXH\svn\server\trunk\HHCARobot\HHCARobot\Release\CL.6972.read.1.tlog
E:\workspace\HXH\svn\server\trunk\HHCARobot\HHCARobot\Release\CL.6972.write.1.tlog
E:\workspace\HXH\svn\server\trunk\HHCARobot\HHCARobot\Release\CL.7616.read.1.tlog
E:\workspace\HXH\svn\server\trunk\HHCARobot\HHCARobot\Release\CL.7616.write.1.tlog
E:\workspace\HXH\svn\server\trunk\HHCARobot\HHCARobot\Release\cl.command.1.tlog
E:\workspace\HXH\svn\server\trunk\HHCARobot\HHCARobot\Release\CL.read.1.tlog
E:\workspace\HXH\svn\server\trunk\HHCARobot\HHCARobot\Release\CL.write.1.tlog
E:\WORKSPACE\HXH\SVN\SERVER\TRUNK\HHCAROBOT\HHCAROBOT\RELEASE\CONST.OBJ
E:\WORKSPACE\HXH\SVN\SERVER\TRUNK\HHCAROBOT\HHCAROBOT\RELEASE\DRAW.OBJ
E:\WORKSPACE\HXH\SVN\SERVER\TRUNK\HHCAROBOT\HHCAROBOT\RELEASE\FILE.OBJ
E:\WORKSPACE\HXH\SVN\SERVER\TRUNK\HHCAROBOT\HHCAROBOT\RELEASE\HHCAROBOT.EXE.INTERMEDIATE.MANIFEST
E:\WORKSPACE\HXH\SVN\SERVER\TRUNK\HHCAROBOT\HHCAROBOT\RELEASE\HHCAROBOT.OBJ
E:\WORKSPACE\HXH\SVN\SERVER\TRUNK\HHCAROBOT\HHCAROBOT\RELEASE\HHCAROBOT.PCH
E:\WORKSPACE\HXH\SVN\SERVER\TRUNK\HHCAROBOT\HHCAROBOT\RELEASE\HHCAROBOT.RES
E:\workspace\HXH\svn\server\trunk\HHCARobot\HHCARobot\Release\HHCARobot.write.1.tlog
E:\WORKSPACE\HXH\SVN\SERVER\TRUNK\HHCAROBOT\HHCAROBOT\RELEASE\HISTORY.OBJ
E:\WORKSPACE\HXH\SVN\SERVER\TRUNK\HHCAROBOT\HHCAROBOT\RELEASE\LAB.OBJ
E:\workspace\HXH\svn\server\trunk\HHCARobot\HHCARobot\Release\link.command.1.tlog
E:\workspace\HXH\svn\server\trunk\HHCARobot\HHCARobot\Release\link.read.1.tlog
E:\workspace\HXH\svn\server\trunk\HHCARobot\HHCARobot\Release\link.write.1.tlog
E:\workspace\HXH\svn\server\trunk\HHCARobot\HHCARobot\Release\link-cvtres.read.1.tlog
E:\workspace\HXH\svn\server\trunk\HHCARobot\HHCARobot\Release\link-cvtres.write.1.tlog
E:\WORKSPACE\HXH\SVN\SERVER\TRUNK\HHCAROBOT\HHCAROBOT\RELEASE\MAP.OBJ
E:\workspace\HXH\svn\server\trunk\HHCARobot\HHCARobot\Release\mt.command.1.tlog
E:\workspace\HXH\svn\server\trunk\HHCARobot\HHCARobot\Release\mt.read.1.tlog
E:\workspace\HXH\svn\server\trunk\HHCARobot\HHCARobot\Release\mt.write.1.tlog
E:\workspace\HXH\svn\server\trunk\HHCARobot\HHCARobot\Release\rc.command.1.tlog
E:\workspace\HXH\svn\server\trunk\HHCARobot\HHCARobot\Release\rc.read.1.tlog
E:\workspace\HXH\svn\server\trunk\HHCARobot\HHCARobot\Release\rc.write.1.tlog
E:\WORKSPACE\HXH\SVN\SERVER\TRUNK\HHCAROBOT\HHCAROBOT\RELEASE\ROBOT.OBJ
E:\WORKSPACE\HXH\SVN\SERVER\TRUNK\HHCAROBOT\HHCAROBOT\RELEASE\STDAFX.OBJ
E:\WORKSPACE\HXH\SVN\SERVER\TRUNK\HHCAROBOT\HHCAROBOT\RELEASE\TEST.OBJ
E:\WORKSPACE\HXH\SVN\SERVER\TRUNK\HHCAROBOT\HHCAROBOT\RELEASE\VC100.PDB
E:\WORKSPACE\HXH\SVN\SERVER\TRUNK\HHCAROBOT\HHCAROBOT\RELEASE\VIEW.OBJ
E:\WORKSPACE\HXH\SVN\SERVER\TRUNK\HHCAROBOT\RELEASE\HHCAROBOT.EXE
E:\WORKSPACE\HXH\SVN\SERVER\TRUNK\HHCAROBOT\RELEASE\HHCAROBOT.PDB
