生成启动时间为 2014-11-07 23:09:34。
     1>项目“E:\workspace\HXH\svn\server\trunk\HHCARobot\tinyxml\tinyxml_lib.vcxproj”在节点 2 上(rebuild 个目标)。
     1>_PrepareForClean:
         正在删除文件“Release\tinyxml.lastbuildstate”。
       InitializeBuildStatus:
         正在创建“Release\tinyxml.unsuccessfulbuild”，因为已指定“AlwaysCreate”。
       ClCompile:
         D:\Program Files\Microsoft Visual Studio 10.0\VC\bin\CL.exe /c /Zi /nologo /W3 /WX /MP /O2 /Ob1 /Ot /Oy- /D WIN32 /D NDEBUG /D _LIB /D _VC80_UPGRADE=0x0600 /D _MBCS /GF /Gm- /EHsc /MD /GS /Gy /fp:precise /Zc:wchar_t /Zc:forScope /Fo"Release\\" /Fd"Release\vc100.pdb" /Gd /TP /analyze- /errorReport:prompt tinystr.cpp tinyxml.cpp tinyxmlerror.cpp tinyxmlparser.cpp
         tinystr.cpp
         tinyxml.cpp
         tinyxmlerror.cpp
         tinyxmlparser.cpp
       Lib:
         D:\Program Files\Microsoft Visual Studio 10.0\VC\bin\Lib.exe /OUT:"E:\workspace\HXH\svn\server\trunk\HHCARobot\Release\tinyxml.lib" /NOLOGO Release\tinystr.obj
         Release\tinyxml.obj
         Release\tinyxmlerror.obj
         Release\tinyxmlparser.obj
         tinyxml_lib.vcxproj -> E:\workspace\HXH\svn\server\trunk\HHCARobot\Release\tinyxml.lib
       FinalizeBuildStatus:
         正在删除文件“Release\tinyxml.unsuccessfulbuild”。
         正在对“Release\tinyxml.lastbuildstate”执行 Touch 任务。
     1>已完成生成项目“E:\workspace\HXH\svn\server\trunk\HHCARobot\tinyxml\tinyxml_lib.vcxproj”(rebuild 个目标)的操作。

生成成功。

已用时间 00:00:00.93
