E:\WORKSPACE\HXH\SVN\SERVER\TRUNK\HHCAROBOT\DEBUG\TINYXML.BSC
E:\WORKSPACE\HXH\SVN\SERVER\TRUNK\HHCAROBOT\DEBUG\TINYXML.LIB
E:\workspace\HXH\svn\server\trunk\HHCARobot\tinyxml\Debug\BscMake.command.1.tlog
E:\workspace\HXH\svn\server\trunk\HHCARobot\tinyxml\Debug\bscmake.read.1.tlog
E:\workspace\HXH\svn\server\trunk\HHCARobot\tinyxml\Debug\bscmake.write.1.tlog
E:\workspace\HXH\svn\server\trunk\HHCARobot\tinyxml\Debug\cl.command.1.tlog
E:\workspace\HXH\svn\server\trunk\HHCARobot\tinyxml\Debug\CL.read.1.tlog
E:\workspace\HXH\svn\server\trunk\HHCARobot\tinyxml\Debug\CL.write.1.tlog
E:\workspace\HXH\svn\server\trunk\HHCARobot\tinyxml\Debug\lib.command.1.tlog
E:\workspace\HXH\svn\server\trunk\HHCARobot\tinyxml\Debug\Lib-link.read.1.tlog
E:\workspace\HXH\svn\server\trunk\HHCARobot\tinyxml\Debug\Lib-link.write.1.tlog
E:\WORKSPACE\HXH\SVN\SERVER\TRUNK\HHCAROBOT\TINYXML\DEBUG\TINYSTR.OBJ
E:\WORKSPACE\HXH\SVN\SERVER\TRUNK\HHCAROBOT\TINYXML\DEBUG\TINYSTR.SBR
E:\WORKSPACE\HXH\SVN\SERVER\TRUNK\HHCAROBOT\TINYXML\DEBUG\TINYXML.OBJ
E:\WORKSPACE\HXH\SVN\SERVER\TRUNK\HHCAROBOT\TINYXML\DEBUG\TINYXML.SBR
E:\WORKSPACE\HXH\SVN\SERVER\TRUNK\HHCAROBOT\TINYXML\DEBUG\TINYXMLERROR.OBJ
E:\WORKSPACE\HXH\SVN\SERVER\TRUNK\HHCAROBOT\TINYXML\DEBUG\TINYXMLERROR.SBR
E:\WORKSPACE\HXH\SVN\SERVER\TRUNK\HHCAROBOT\TINYXML\DEBUG\TINYXMLPARSER.OBJ
E:\WORKSPACE\HXH\SVN\SERVER\TRUNK\HHCAROBOT\TINYXML\DEBUG\TINYXMLPARSER.SBR
E:\workspace\HXH\svn\server\trunk\HHCARobot\tinyxml\Debug\vc100.idb
E:\WORKSPACE\HXH\SVN\SERVER\TRUNK\HHCAROBOT\TINYXML\DEBUG\VC100.PDB
