生成启动时间为 2014-11-07 23:09:43。
     1>项目“E:\workspace\HXH\svn\server\trunk\HHCARobot\tinyxml\tinyxml_lib.vcxproj”在节点 2 上(rebuild 个目标)。
     1>_PrepareForClean:
         正在删除文件“Debug\tinyxml.lastbuildstate”。
       InitializeBuildStatus:
         正在创建“Debug\tinyxml.unsuccessfulbuild”，因为已指定“AlwaysCreate”。
       ClCompile:
         D:\Program Files\Microsoft Visual Studio 10.0\VC\bin\CL.exe /c /ZI /nologo /W4 /WX- /Od /Oy- /D WIN32 /D _DEBUG /D _LIB /D _VC80_UPGRADE=0x0600 /D _MBCS /Gm /EHsc /RTC1 /MDd /GS /fp:precise /Zc:wchar_t /Zc:forScope /Fo"Debug\\" /Fd"Debug\vc100.pdb" /FR"Debug\\" /Gd /TP /analyze- /errorReport:prompt tinystr.cpp tinyxml.cpp tinyxmlerror.cpp tinyxmlparser.cpp
         tinyxmlparser.cpp
         tinyxmlerror.cpp
         tinyxml.cpp
         tinystr.cpp
         正在生成代码...
       Lib:
         D:\Program Files\Microsoft Visual Studio 10.0\VC\bin\Lib.exe /OUT:"E:\workspace\HXH\svn\server\trunk\HHCARobot\Debug\tinyxml.lib" /NOLOGO Debug\tinystr.obj
         Debug\tinyxml.obj
         Debug\tinyxmlerror.obj
         Debug\tinyxmlparser.obj
         tinyxml_lib.vcxproj -> E:\workspace\HXH\svn\server\trunk\HHCARobot\Debug\tinyxml.lib
       BscMake:
         D:\Program Files\Microsoft Visual Studio 10.0\VC\bin\bscmake.exe /nologo /o"E:\workspace\HXH\svn\server\trunk\HHCARobot\Debug\tinyxml.bsc" Debug\tinystr.sbr Debug\tinyxml.sbr Debug\tinyxmlerror.sbr Debug\tinyxmlparser.sbr
       FinalizeBuildStatus:
         正在删除文件“Debug\tinyxml.unsuccessfulbuild”。
         正在对“Debug\tinyxml.lastbuildstate”执行 Touch 任务。
     1>已完成生成项目“E:\workspace\HXH\svn\server\trunk\HHCARobot\tinyxml\tinyxml_lib.vcxproj”(rebuild 个目标)的操作。

生成成功。

已用时间 00:00:00.96
