E:\workspace\HXH\svn\server\trunk\HHCARobot\tinyxml\x64\Debug\BscMake.command.1.tlog
E:\workspace\HXH\svn\server\trunk\HHCARobot\tinyxml\x64\Debug\bscmake.read.1.tlog
E:\workspace\HXH\svn\server\trunk\HHCARobot\tinyxml\x64\Debug\bscmake.write.1.tlog
E:\workspace\HXH\svn\server\trunk\HHCARobot\tinyxml\x64\Debug\cl.command.1.tlog
E:\workspace\HXH\svn\server\trunk\HHCARobot\tinyxml\x64\Debug\CL.read.1.tlog
E:\workspace\HXH\svn\server\trunk\HHCARobot\tinyxml\x64\Debug\CL.write.1.tlog
E:\workspace\HXH\svn\server\trunk\HHCARobot\tinyxml\x64\Debug\lib.command.1.tlog
E:\workspace\HXH\svn\server\trunk\HHCARobot\tinyxml\x64\Debug\Lib-link.read.1.tlog
E:\workspace\HXH\svn\server\trunk\HHCARobot\tinyxml\x64\Debug\Lib-link.write.1.tlog
E:\WORKSPACE\HXH\SVN\SERVER\TRUNK\HHCAROBOT\TINYXML\X64\DEBUG\TINYSTR.OBJ
E:\WORKSPACE\HXH\SVN\SERVER\TRUNK\HHCAROBOT\TINYXML\X64\DEBUG\TINYSTR.SBR
E:\WORKSPACE\HXH\SVN\SERVER\TRUNK\HHCAROBOT\TINYXML\X64\DEBUG\TINYXML.OBJ
E:\WORKSPACE\HXH\SVN\SERVER\TRUNK\HHCAROBOT\TINYXML\X64\DEBUG\TINYXML.SBR
E:\WORKSPACE\HXH\SVN\SERVER\TRUNK\HHCAROBOT\TINYXML\X64\DEBUG\TINYXMLERROR.OBJ
E:\WORKSPACE\HXH\SVN\SERVER\TRUNK\HHCAROBOT\TINYXML\X64\DEBUG\TINYXMLERROR.SBR
E:\WORKSPACE\HXH\SVN\SERVER\TRUNK\HHCAROBOT\TINYXML\X64\DEBUG\TINYXMLPARSER.OBJ
E:\WORKSPACE\HXH\SVN\SERVER\TRUNK\HHCAROBOT\TINYXML\X64\DEBUG\TINYXMLPARSER.SBR
E:\WORKSPACE\HXH\SVN\SERVER\TRUNK\HHCAROBOT\TINYXML\X64\DEBUG\VC100.PDB
E:\WORKSPACE\HXH\SVN\SERVER\TRUNK\HHCAROBOT\X64\DEBUG\TINYXML.BSC
E:\WORKSPACE\HXH\SVN\SERVER\TRUNK\HHCAROBOT\X64\DEBUG\TINYXML.LIB
