E:\workspace\HXH\svn\server\trunk\HHCARobot\HHCARobot\x64\Release\CL.2104.read.1.tlog
E:\workspace\HXH\svn\server\trunk\HHCARobot\HHCARobot\x64\Release\CL.2104.write.1.tlog
E:\workspace\HXH\svn\server\trunk\HHCARobot\HHCARobot\x64\Release\CL.2796.read.1.tlog
E:\workspace\HXH\svn\server\trunk\HHCARobot\HHCARobot\x64\Release\CL.2796.write.1.tlog
E:\workspace\HXH\svn\server\trunk\HHCARobot\HHCARobot\x64\Release\CL.3048.read.1.tlog
E:\workspace\HXH\svn\server\trunk\HHCARobot\HHCARobot\x64\Release\CL.3048.write.1.tlog
E:\workspace\HXH\svn\server\trunk\HHCARobot\HHCARobot\x64\Release\CL.3080.read.1.tlog
E:\workspace\HXH\svn\server\trunk\HHCARobot\HHCARobot\x64\Release\CL.3080.write.1.tlog
E:\workspace\HXH\svn\server\trunk\HHCARobot\HHCARobot\x64\Release\CL.3740.read.1.tlog
E:\workspace\HXH\svn\server\trunk\HHCARobot\HHCARobot\x64\Release\CL.3740.write.1.tlog
E:\workspace\HXH\svn\server\trunk\HHCARobot\HHCARobot\x64\Release\CL.3968.read.1.tlog
E:\workspace\HXH\svn\server\trunk\HHCARobot\HHCARobot\x64\Release\CL.3968.write.1.tlog
E:\workspace\HXH\svn\server\trunk\HHCARobot\HHCARobot\x64\Release\CL.4948.read.1.tlog
E:\workspace\HXH\svn\server\trunk\HHCARobot\HHCARobot\x64\Release\CL.4948.write.1.tlog
E:\workspace\HXH\svn\server\trunk\HHCARobot\HHCARobot\x64\Release\CL.6848.read.1.tlog
E:\workspace\HXH\svn\server\trunk\HHCARobot\HHCARobot\x64\Release\CL.6848.write.1.tlog
E:\workspace\HXH\svn\server\trunk\HHCARobot\HHCARobot\x64\Release\cl.command.1.tlog
E:\workspace\HXH\svn\server\trunk\HHCARobot\HHCARobot\x64\Release\CL.read.1.tlog
E:\workspace\HXH\svn\server\trunk\HHCARobot\HHCARobot\x64\Release\CL.write.1.tlog
E:\WORKSPACE\HXH\SVN\SERVER\TRUNK\HHCAROBOT\HHCAROBOT\X64\RELEASE\CONST.OBJ
E:\WORKSPACE\HXH\SVN\SERVER\TRUNK\HHCAROBOT\HHCAROBOT\X64\RELEASE\DRAW.OBJ
E:\WORKSPACE\HXH\SVN\SERVER\TRUNK\HHCAROBOT\HHCAROBOT\X64\RELEASE\FILE.OBJ
E:\WORKSPACE\HXH\SVN\SERVER\TRUNK\HHCAROBOT\HHCAROBOT\X64\RELEASE\HHCAROBOT.EXE.INTERMEDIATE.MANIFEST
E:\WORKSPACE\HXH\SVN\SERVER\TRUNK\HHCAROBOT\HHCAROBOT\X64\RELEASE\HHCAROBOT.OBJ
E:\WORKSPACE\HXH\SVN\SERVER\TRUNK\HHCAROBOT\HHCAROBOT\X64\RELEASE\HHCAROBOT.PCH
E:\WORKSPACE\HXH\SVN\SERVER\TRUNK\HHCAROBOT\HHCAROBOT\X64\RELEASE\HHCAROBOT.RES
E:\workspace\HXH\svn\server\trunk\HHCARobot\HHCARobot\x64\Release\HHCARobot.write.1.tlog
E:\WORKSPACE\HXH\SVN\SERVER\TRUNK\HHCAROBOT\HHCAROBOT\X64\RELEASE\HISTORY.OBJ
E:\WORKSPACE\HXH\SVN\SERVER\TRUNK\HHCAROBOT\HHCAROBOT\X64\RELEASE\LAB.OBJ
E:\workspace\HXH\svn\server\trunk\HHCARobot\HHCARobot\x64\Release\link.command.1.tlog
E:\workspace\HXH\svn\server\trunk\HHCARobot\HHCARobot\x64\Release\link.read.1.tlog
E:\workspace\HXH\svn\server\trunk\HHCARobot\HHCARobot\x64\Release\link.write.1.tlog
E:\workspace\HXH\svn\server\trunk\HHCARobot\HHCARobot\x64\Release\link-cvtres.read.1.tlog
E:\workspace\HXH\svn\server\trunk\HHCARobot\HHCARobot\x64\Release\link-cvtres.write.1.tlog
E:\WORKSPACE\HXH\SVN\SERVER\TRUNK\HHCAROBOT\HHCAROBOT\X64\RELEASE\MAP.OBJ
E:\workspace\HXH\svn\server\trunk\HHCARobot\HHCARobot\x64\Release\mt.command.1.tlog
E:\workspace\HXH\svn\server\trunk\HHCARobot\HHCARobot\x64\Release\mt.read.1.tlog
E:\workspace\HXH\svn\server\trunk\HHCARobot\HHCARobot\x64\Release\mt.write.1.tlog
E:\workspace\HXH\svn\server\trunk\HHCARobot\HHCARobot\x64\Release\rc.command.1.tlog
E:\workspace\HXH\svn\server\trunk\HHCARobot\HHCARobot\x64\Release\rc.read.1.tlog
E:\workspace\HXH\svn\server\trunk\HHCARobot\HHCARobot\x64\Release\rc.write.1.tlog
E:\WORKSPACE\HXH\SVN\SERVER\TRUNK\HHCAROBOT\HHCAROBOT\X64\RELEASE\ROBOT.OBJ
E:\WORKSPACE\HXH\SVN\SERVER\TRUNK\HHCAROBOT\HHCAROBOT\X64\RELEASE\STDAFX.OBJ
E:\WORKSPACE\HXH\SVN\SERVER\TRUNK\HHCAROBOT\HHCAROBOT\X64\RELEASE\TEST.OBJ
E:\WORKSPACE\HXH\SVN\SERVER\TRUNK\HHCAROBOT\HHCAROBOT\X64\RELEASE\VC100.PDB
E:\WORKSPACE\HXH\SVN\SERVER\TRUNK\HHCAROBOT\HHCAROBOT\X64\RELEASE\VIEW.OBJ
E:\WORKSPACE\HXH\SVN\SERVER\TRUNK\HHCAROBOT\X64\RELEASE\HHCAROBOT.EXE
E:\WORKSPACE\HXH\SVN\SERVER\TRUNK\HHCAROBOT\X64\RELEASE\HHCAROBOT.EXE.MANIFEST
E:\WORKSPACE\HXH\SVN\SERVER\TRUNK\HHCAROBOT\X64\RELEASE\HHCAROBOT.PDB
